2018-04-15 11:55:54,594 [1] INFO  <>f__AnonymousType0`2 [(null)] - Inicio de la app de gestión S&S Urban.
2018-04-15 13:18:44,102 [10] INFO  <>f__AnonymousType0`2 [(null)] - Inicio de la app de gestión S&S Urban.
2018-04-15 13:19:07,307 [1] INFO  <>f__AnonymousType0`2 [(null)] - Inicio de la app de gestión S&S Urban.
2018-04-15 13:20:52,429 [1] INFO  <>f__AnonymousType0`2 [(null)] - Inicio de la app de gestión S&S Urban.
2018-04-15 13:28:25,175 [1] INFO  <>f__AnonymousType0`2 [(null)] - Inicio de la app de gestión S&S Urban.
2018-04-15 13:32:03,766 [1] INFO  <>f__AnonymousType0`2 [(null)] - Inicio de la app de gestión S&S Urban.
2018-04-15 13:34:45,105 [1] INFO  <>f__AnonymousType0`2 [(null)] - Inicio de la app de gestión S&S Urban.
2018-04-15 13:35:26,974 [1] INFO  <>f__AnonymousType0`2 [(null)] - Inicio de la app de gestión S&S Urban.
2018-04-15 13:37:55,315 [1] INFO  <>f__AnonymousType0`2 [(null)] - Inicio de la app de gestión S&S Urban.
2018-04-15 13:38:30,681 [1] ERROR <>f__AnonymousType0`2 [(null)] - An error occurred while updating the entries. See the inner exception for details.
System.Data.Entity.Infrastructure.DbUpdateException: An error occurred while updating the entries. See the inner exception for details. ---> System.Data.Entity.Core.UpdateException: An error occurred while updating the entries. See the inner exception for details. ---> System.Data.SqlClient.SqlException: The DELETE statement conflicted with the REFERENCE constraint "FK_Inmuebles_Clientes_Vendedor". The conflict occurred in database "SSUrban", table "dbo.Inmuebles", column 'Vendedor_Arrendador'.
The statement has been terminated.
   en System.Data.SqlClient.SqlConnection.OnError(SqlException exception, Boolean breakConnection, Action`1 wrapCloseInAction)
   en System.Data.SqlClient.SqlInternalConnection.OnError(SqlException exception, Boolean breakConnection, Action`1 wrapCloseInAction)
   en System.Data.SqlClient.TdsParser.ThrowExceptionAndWarning(TdsParserStateObject stateObj, Boolean callerHasConnectionLock, Boolean asyncClose)
   en System.Data.SqlClient.TdsParser.TryRun(RunBehavior runBehavior, SqlCommand cmdHandler, SqlDataReader dataStream, BulkCopySimpleResultSet bulkCopyHandler, TdsParserStateObject stateObj, Boolean& dataReady)
   en System.Data.SqlClient.SqlCommand.FinishExecuteReader(SqlDataReader ds, RunBehavior runBehavior, String resetOptionsString, Boolean isInternal, Boolean forDescribeParameterEncryption)
   en System.Data.SqlClient.SqlCommand.RunExecuteReaderTds(CommandBehavior cmdBehavior, RunBehavior runBehavior, Boolean returnStream, Boolean async, Int32 timeout, Task& task, Boolean asyncWrite, Boolean inRetry, SqlDataReader ds, Boolean describeParameterEncryptionRequest)
   en System.Data.SqlClient.SqlCommand.RunExecuteReader(CommandBehavior cmdBehavior, RunBehavior runBehavior, Boolean returnStream, String method, TaskCompletionSource`1 completion, Int32 timeout, Task& task, Boolean& usedCache, Boolean asyncWrite, Boolean inRetry)
   en System.Data.SqlClient.SqlCommand.InternalExecuteNonQuery(TaskCompletionSource`1 completion, String methodName, Boolean sendToPipe, Int32 timeout, Boolean& usedCache, Boolean asyncWrite, Boolean inRetry)
   en System.Data.SqlClient.SqlCommand.ExecuteNonQuery()
   en System.Data.Entity.Infrastructure.Interception.DbCommandDispatcher.<NonQuery>b__0(DbCommand t, DbCommandInterceptionContext`1 c)
   en System.Data.Entity.Infrastructure.Interception.InternalDispatcher`1.Dispatch[TTarget,TInterceptionContext,TResult](TTarget target, Func`3 operation, TInterceptionContext interceptionContext, Action`3 executing, Action`3 executed)
   en System.Data.Entity.Infrastructure.Interception.DbCommandDispatcher.NonQuery(DbCommand command, DbCommandInterceptionContext interceptionContext)
   en System.Data.Entity.Internal.InterceptableDbCommand.ExecuteNonQuery()
   en System.Data.Entity.Core.Mapping.Update.Internal.DynamicUpdateCommand.Execute(Dictionary`2 identifierValues, List`1 generatedValues)
   en System.Data.Entity.Core.Mapping.Update.Internal.UpdateTranslator.Update()
   --- Fin del seguimiento de la pila de la excepción interna ---
   en System.Data.Entity.Core.Mapping.Update.Internal.UpdateTranslator.Update()
   en System.Data.Entity.Core.EntityClient.Internal.EntityAdapter.<Update>b__2(UpdateTranslator ut)
   en System.Data.Entity.Core.EntityClient.Internal.EntityAdapter.Update[T](T noChangesResult, Func`2 updateFunction)
   en System.Data.Entity.Core.EntityClient.Internal.EntityAdapter.Update()
   en System.Data.Entity.Core.Objects.ObjectContext.<SaveChangesToStore>b__35()
   en System.Data.Entity.Core.Objects.ObjectContext.ExecuteInTransaction[T](Func`1 func, IDbExecutionStrategy executionStrategy, Boolean startLocalTransaction, Boolean releaseConnectionOnSuccess)
   en System.Data.Entity.Core.Objects.ObjectContext.SaveChangesToStore(SaveOptions options, IDbExecutionStrategy executionStrategy, Boolean startLocalTransaction)
   en System.Data.Entity.Core.Objects.ObjectContext.<>c__DisplayClass2a.<SaveChangesInternal>b__27()
   en System.Data.Entity.SqlServer.DefaultSqlExecutionStrategy.Execute[TResult](Func`1 operation)
   en System.Data.Entity.Core.Objects.ObjectContext.SaveChangesInternal(SaveOptions options, Boolean executeInExistingTransaction)
   en System.Data.Entity.Core.Objects.ObjectContext.SaveChanges(SaveOptions options)
   en System.Data.Entity.Internal.InternalContext.SaveChanges()
   --- Fin del seguimiento de la pila de la excepción interna ---
   en SSUrban.MainForm.btnDelete_Click(Object sender, EventArgs e) en C:\Users\FRAN\documents\visual studio 2015\Projects\ssurban\SSUrban\MainForm.cs:línea 446
2018-04-15 13:38:42,567 [1] INFO  <>f__AnonymousType0`2 [(null)] - Inicio de la app de gestión S&S Urban.
2018-04-15 13:38:49,939 [1] ERROR <>f__AnonymousType0`2 [(null)] - An error occurred while updating the entries. See the inner exception for details.
System.Data.Entity.Infrastructure.DbUpdateException: An error occurred while updating the entries. See the inner exception for details. ---> System.Data.Entity.Core.UpdateException: An error occurred while updating the entries. See the inner exception for details. ---> System.Data.SqlClient.SqlException: The DELETE statement conflicted with the REFERENCE constraint "FK_Inmuebles_Clientes_Vendedor". The conflict occurred in database "SSUrban", table "dbo.Inmuebles", column 'Vendedor_Arrendador'.
The statement has been terminated.
   en System.Data.SqlClient.SqlConnection.OnError(SqlException exception, Boolean breakConnection, Action`1 wrapCloseInAction)
   en System.Data.SqlClient.SqlInternalConnection.OnError(SqlException exception, Boolean breakConnection, Action`1 wrapCloseInAction)
   en System.Data.SqlClient.TdsParser.ThrowExceptionAndWarning(TdsParserStateObject stateObj, Boolean callerHasConnectionLock, Boolean asyncClose)
   en System.Data.SqlClient.TdsParser.TryRun(RunBehavior runBehavior, SqlCommand cmdHandler, SqlDataReader dataStream, BulkCopySimpleResultSet bulkCopyHandler, TdsParserStateObject stateObj, Boolean& dataReady)
   en System.Data.SqlClient.SqlCommand.FinishExecuteReader(SqlDataReader ds, RunBehavior runBehavior, String resetOptionsString, Boolean isInternal, Boolean forDescribeParameterEncryption)
   en System.Data.SqlClient.SqlCommand.RunExecuteReaderTds(CommandBehavior cmdBehavior, RunBehavior runBehavior, Boolean returnStream, Boolean async, Int32 timeout, Task& task, Boolean asyncWrite, Boolean inRetry, SqlDataReader ds, Boolean describeParameterEncryptionRequest)
   en System.Data.SqlClient.SqlCommand.RunExecuteReader(CommandBehavior cmdBehavior, RunBehavior runBehavior, Boolean returnStream, String method, TaskCompletionSource`1 completion, Int32 timeout, Task& task, Boolean& usedCache, Boolean asyncWrite, Boolean inRetry)
   en System.Data.SqlClient.SqlCommand.InternalExecuteNonQuery(TaskCompletionSource`1 completion, String methodName, Boolean sendToPipe, Int32 timeout, Boolean& usedCache, Boolean asyncWrite, Boolean inRetry)
   en System.Data.SqlClient.SqlCommand.ExecuteNonQuery()
   en System.Data.Entity.Infrastructure.Interception.DbCommandDispatcher.<NonQuery>b__0(DbCommand t, DbCommandInterceptionContext`1 c)
   en System.Data.Entity.Infrastructure.Interception.InternalDispatcher`1.Dispatch[TTarget,TInterceptionContext,TResult](TTarget target, Func`3 operation, TInterceptionContext interceptionContext, Action`3 executing, Action`3 executed)
   en System.Data.Entity.Infrastructure.Interception.DbCommandDispatcher.NonQuery(DbCommand command, DbCommandInterceptionContext interceptionContext)
   en System.Data.Entity.Internal.InterceptableDbCommand.ExecuteNonQuery()
   en System.Data.Entity.Core.Mapping.Update.Internal.DynamicUpdateCommand.Execute(Dictionary`2 identifierValues, List`1 generatedValues)
   en System.Data.Entity.Core.Mapping.Update.Internal.UpdateTranslator.Update()
   --- Fin del seguimiento de la pila de la excepción interna ---
   en System.Data.Entity.Core.Mapping.Update.Internal.UpdateTranslator.Update()
   en System.Data.Entity.Core.EntityClient.Internal.EntityAdapter.<Update>b__2(UpdateTranslator ut)
   en System.Data.Entity.Core.EntityClient.Internal.EntityAdapter.Update[T](T noChangesResult, Func`2 updateFunction)
   en System.Data.Entity.Core.EntityClient.Internal.EntityAdapter.Update()
   en System.Data.Entity.Core.Objects.ObjectContext.<SaveChangesToStore>b__35()
   en System.Data.Entity.Core.Objects.ObjectContext.ExecuteInTransaction[T](Func`1 func, IDbExecutionStrategy executionStrategy, Boolean startLocalTransaction, Boolean releaseConnectionOnSuccess)
   en System.Data.Entity.Core.Objects.ObjectContext.SaveChangesToStore(SaveOptions options, IDbExecutionStrategy executionStrategy, Boolean startLocalTransaction)
   en System.Data.Entity.Core.Objects.ObjectContext.<>c__DisplayClass2a.<SaveChangesInternal>b__27()
   en System.Data.Entity.SqlServer.DefaultSqlExecutionStrategy.Execute[TResult](Func`1 operation)
   en System.Data.Entity.Core.Objects.ObjectContext.SaveChangesInternal(SaveOptions options, Boolean executeInExistingTransaction)
   en System.Data.Entity.Core.Objects.ObjectContext.SaveChanges(SaveOptions options)
   en System.Data.Entity.Internal.InternalContext.SaveChanges()
   --- Fin del seguimiento de la pila de la excepción interna ---
   en SSUrban.MainForm.btnDelete_Click(Object sender, EventArgs e) en C:\Users\FRAN\documents\visual studio 2015\Projects\ssurban\SSUrban\MainForm.cs:línea 446
2018-04-15 13:41:57,167 [10] INFO  <>f__AnonymousType0`2 [(null)] - Inicio de la app de gestión S&S Urban.
2018-04-15 13:44:39,008 [10] INFO  <>f__AnonymousType0`2 [(null)] - Inicio de la app de gestión S&S Urban.
2018-04-15 13:46:44,628 [10] ERROR <>f__AnonymousType0`2 [(null)] - An error occurred while updating the entries. See the inner exception for details.
System.Data.Entity.Infrastructure.DbUpdateException: An error occurred while updating the entries. See the inner exception for details. ---> System.Data.Entity.Core.UpdateException: An error occurred while updating the entries. See the inner exception for details. ---> System.Data.SqlClient.SqlException: The DELETE statement conflicted with the REFERENCE constraint "FK_Inmuebles_Clientes_Vendedor". The conflict occurred in database "SSUrban", table "dbo.Inmuebles", column 'Vendedor_Arrendador'.
The statement has been terminated.
   en System.Data.SqlClient.SqlConnection.OnError(SqlException exception, Boolean breakConnection, Action`1 wrapCloseInAction)
   en System.Data.SqlClient.SqlInternalConnection.OnError(SqlException exception, Boolean breakConnection, Action`1 wrapCloseInAction)
   en System.Data.SqlClient.TdsParser.ThrowExceptionAndWarning(TdsParserStateObject stateObj, Boolean callerHasConnectionLock, Boolean asyncClose)
   en System.Data.SqlClient.TdsParser.TryRun(RunBehavior runBehavior, SqlCommand cmdHandler, SqlDataReader dataStream, BulkCopySimpleResultSet bulkCopyHandler, TdsParserStateObject stateObj, Boolean& dataReady)
   en System.Data.SqlClient.SqlCommand.FinishExecuteReader(SqlDataReader ds, RunBehavior runBehavior, String resetOptionsString, Boolean isInternal, Boolean forDescribeParameterEncryption)
   en System.Data.SqlClient.SqlCommand.RunExecuteReaderTds(CommandBehavior cmdBehavior, RunBehavior runBehavior, Boolean returnStream, Boolean async, Int32 timeout, Task& task, Boolean asyncWrite, Boolean inRetry, SqlDataReader ds, Boolean describeParameterEncryptionRequest)
   en System.Data.SqlClient.SqlCommand.RunExecuteReader(CommandBehavior cmdBehavior, RunBehavior runBehavior, Boolean returnStream, String method, TaskCompletionSource`1 completion, Int32 timeout, Task& task, Boolean& usedCache, Boolean asyncWrite, Boolean inRetry)
   en System.Data.SqlClient.SqlCommand.InternalExecuteNonQuery(TaskCompletionSource`1 completion, String methodName, Boolean sendToPipe, Int32 timeout, Boolean& usedCache, Boolean asyncWrite, Boolean inRetry)
   en System.Data.SqlClient.SqlCommand.ExecuteNonQuery()
   en System.Data.Entity.Infrastructure.Interception.DbCommandDispatcher.<NonQuery>b__0(DbCommand t, DbCommandInterceptionContext`1 c)
   en System.Data.Entity.Infrastructure.Interception.InternalDispatcher`1.Dispatch[TTarget,TInterceptionContext,TResult](TTarget target, Func`3 operation, TInterceptionContext interceptionContext, Action`3 executing, Action`3 executed)
   en System.Data.Entity.Infrastructure.Interception.DbCommandDispatcher.NonQuery(DbCommand command, DbCommandInterceptionContext interceptionContext)
   en System.Data.Entity.Internal.InterceptableDbCommand.ExecuteNonQuery()
   en System.Data.Entity.Core.Mapping.Update.Internal.DynamicUpdateCommand.Execute(Dictionary`2 identifierValues, List`1 generatedValues)
   en System.Data.Entity.Core.Mapping.Update.Internal.UpdateTranslator.Update()
   --- Fin del seguimiento de la pila de la excepción interna ---
   en System.Data.Entity.Core.Mapping.Update.Internal.UpdateTranslator.Update()
   en System.Data.Entity.Core.EntityClient.Internal.EntityAdapter.<Update>b__2(UpdateTranslator ut)
   en System.Data.Entity.Core.EntityClient.Internal.EntityAdapter.Update[T](T noChangesResult, Func`2 updateFunction)
   en System.Data.Entity.Core.EntityClient.Internal.EntityAdapter.Update()
   en System.Data.Entity.Core.Objects.ObjectContext.<SaveChangesToStore>b__35()
   en System.Data.Entity.Core.Objects.ObjectContext.ExecuteInTransaction[T](Func`1 func, IDbExecutionStrategy executionStrategy, Boolean startLocalTransaction, Boolean releaseConnectionOnSuccess)
   en System.Data.Entity.Core.Objects.ObjectContext.SaveChangesToStore(SaveOptions options, IDbExecutionStrategy executionStrategy, Boolean startLocalTransaction)
   en System.Data.Entity.Core.Objects.ObjectContext.<>c__DisplayClass2a.<SaveChangesInternal>b__27()
   en System.Data.Entity.SqlServer.DefaultSqlExecutionStrategy.Execute[TResult](Func`1 operation)
   en System.Data.Entity.Core.Objects.ObjectContext.SaveChangesInternal(SaveOptions options, Boolean executeInExistingTransaction)
   en System.Data.Entity.Core.Objects.ObjectContext.SaveChanges(SaveOptions options)
   en System.Data.Entity.Internal.InternalContext.SaveChanges()
   --- Fin del seguimiento de la pila de la excepción interna ---
   en SSUrban.MainForm.btnDelete_Click(Object sender, EventArgs e) en C:\Users\FRAN\documents\visual studio 2015\Projects\ssurban\SSUrban\MainForm.cs:línea 447
2018-04-15 13:46:56,413 [1] INFO  <>f__AnonymousType0`2 [(null)] - Inicio de la app de gestión S&S Urban.
2018-04-15 13:47:04,796 [1] ERROR <>f__AnonymousType0`2 [(null)] - An error occurred while updating the entries. See the inner exception for details.
System.Data.Entity.Infrastructure.DbUpdateException: An error occurred while updating the entries. See the inner exception for details. ---> System.Data.Entity.Core.UpdateException: An error occurred while updating the entries. See the inner exception for details. ---> System.Data.SqlClient.SqlException: The DELETE statement conflicted with the REFERENCE constraint "FK_Inmuebles_Clientes_Vendedor". The conflict occurred in database "SSUrban", table "dbo.Inmuebles", column 'Vendedor_Arrendador'.
The statement has been terminated.
   en System.Data.SqlClient.SqlConnection.OnError(SqlException exception, Boolean breakConnection, Action`1 wrapCloseInAction)
   en System.Data.SqlClient.SqlInternalConnection.OnError(SqlException exception, Boolean breakConnection, Action`1 wrapCloseInAction)
   en System.Data.SqlClient.TdsParser.ThrowExceptionAndWarning(TdsParserStateObject stateObj, Boolean callerHasConnectionLock, Boolean asyncClose)
   en System.Data.SqlClient.TdsParser.TryRun(RunBehavior runBehavior, SqlCommand cmdHandler, SqlDataReader dataStream, BulkCopySimpleResultSet bulkCopyHandler, TdsParserStateObject stateObj, Boolean& dataReady)
   en System.Data.SqlClient.SqlCommand.FinishExecuteReader(SqlDataReader ds, RunBehavior runBehavior, String resetOptionsString, Boolean isInternal, Boolean forDescribeParameterEncryption)
   en System.Data.SqlClient.SqlCommand.RunExecuteReaderTds(CommandBehavior cmdBehavior, RunBehavior runBehavior, Boolean returnStream, Boolean async, Int32 timeout, Task& task, Boolean asyncWrite, Boolean inRetry, SqlDataReader ds, Boolean describeParameterEncryptionRequest)
   en System.Data.SqlClient.SqlCommand.RunExecuteReader(CommandBehavior cmdBehavior, RunBehavior runBehavior, Boolean returnStream, String method, TaskCompletionSource`1 completion, Int32 timeout, Task& task, Boolean& usedCache, Boolean asyncWrite, Boolean inRetry)
   en System.Data.SqlClient.SqlCommand.InternalExecuteNonQuery(TaskCompletionSource`1 completion, String methodName, Boolean sendToPipe, Int32 timeout, Boolean& usedCache, Boolean asyncWrite, Boolean inRetry)
   en System.Data.SqlClient.SqlCommand.ExecuteNonQuery()
   en System.Data.Entity.Infrastructure.Interception.DbCommandDispatcher.<NonQuery>b__0(DbCommand t, DbCommandInterceptionContext`1 c)
   en System.Data.Entity.Infrastructure.Interception.InternalDispatcher`1.Dispatch[TTarget,TInterceptionContext,TResult](TTarget target, Func`3 operation, TInterceptionContext interceptionContext, Action`3 executing, Action`3 executed)
   en System.Data.Entity.Infrastructure.Interception.DbCommandDispatcher.NonQuery(DbCommand command, DbCommandInterceptionContext interceptionContext)
   en System.Data.Entity.Internal.InterceptableDbCommand.ExecuteNonQuery()
   en System.Data.Entity.Core.Mapping.Update.Internal.DynamicUpdateCommand.Execute(Dictionary`2 identifierValues, List`1 generatedValues)
   en System.Data.Entity.Core.Mapping.Update.Internal.UpdateTranslator.Update()
   --- Fin del seguimiento de la pila de la excepción interna ---
   en System.Data.Entity.Core.Mapping.Update.Internal.UpdateTranslator.Update()
   en System.Data.Entity.Core.EntityClient.Internal.EntityAdapter.<Update>b__2(UpdateTranslator ut)
   en System.Data.Entity.Core.EntityClient.Internal.EntityAdapter.Update[T](T noChangesResult, Func`2 updateFunction)
   en System.Data.Entity.Core.EntityClient.Internal.EntityAdapter.Update()
   en System.Data.Entity.Core.Objects.ObjectContext.<SaveChangesToStore>b__35()
   en System.Data.Entity.Core.Objects.ObjectContext.ExecuteInTransaction[T](Func`1 func, IDbExecutionStrategy executionStrategy, Boolean startLocalTransaction, Boolean releaseConnectionOnSuccess)
   en System.Data.Entity.Core.Objects.ObjectContext.SaveChangesToStore(SaveOptions options, IDbExecutionStrategy executionStrategy, Boolean startLocalTransaction)
   en System.Data.Entity.Core.Objects.ObjectContext.<>c__DisplayClass2a.<SaveChangesInternal>b__27()
   en System.Data.Entity.SqlServer.DefaultSqlExecutionStrategy.Execute[TResult](Func`1 operation)
   en System.Data.Entity.Core.Objects.ObjectContext.SaveChangesInternal(SaveOptions options, Boolean executeInExistingTransaction)
   en System.Data.Entity.Core.Objects.ObjectContext.SaveChanges(SaveOptions options)
   en System.Data.Entity.Internal.InternalContext.SaveChanges()
   --- Fin del seguimiento de la pila de la excepción interna ---
   en SSUrban.MainForm.btnDelete_Click(Object sender, EventArgs e) en C:\Users\FRAN\documents\visual studio 2015\Projects\ssurban\SSUrban\MainForm.cs:línea 446
2018-04-15 13:47:21,601 [8] INFO  <>f__AnonymousType0`2 [(null)] - Inicio de la app de gestión S&S Urban.
2018-04-15 13:48:44,779 [10] INFO  <>f__AnonymousType0`2 [(null)] - Inicio de la app de gestión S&S Urban.
2018-04-15 13:51:19,196 [1] INFO  <>f__AnonymousType0`2 [(null)] - Inicio de la app de gestión S&S Urban.
2018-04-15 13:52:52,251 [10] INFO  <>f__AnonymousType0`2 [(null)] - Inicio de la app de gestión S&S Urban.
2018-04-15 13:55:02,529 [9] INFO  <>f__AnonymousType0`2 [(null)] - Inicio de la app de gestión S&S Urban.
2018-04-15 13:56:21,601 [9] INFO  <>f__AnonymousType0`2 [(null)] - Inicio de la app de gestión S&S Urban.
2018-04-15 13:58:12,141 [9] INFO  <>f__AnonymousType0`2 [(null)] - Inicio de la app de gestión S&S Urban.
2018-04-15 14:00:19,156 [10] INFO  <>f__AnonymousType0`2 [(null)] - Inicio de la app de gestión S&S Urban.
2018-04-15 14:02:16,489 [9] INFO  <>f__AnonymousType0`2 [(null)] - Inicio de la app de gestión S&S Urban.
2018-04-15 14:03:24,623 [8] INFO  <>f__AnonymousType0`2 [(null)] - Inicio de la app de gestión S&S Urban.
2018-04-15 14:08:24,244 [9] INFO  <>f__AnonymousType0`2 [(null)] - Inicio de la app de gestión S&S Urban.
2018-04-15 14:09:05,578 [10] INFO  <>f__AnonymousType0`2 [(null)] - Inicio de la app de gestión S&S Urban.
2018-04-15 14:49:31,574 [1] INFO  <>f__AnonymousType0`2 [(null)] - Inicio de la app de gestión S&S Urban.
